# JRE version: Java(TM) SE Runtime Environment (8.0_191-b12) (build 1.8.0_191-b12)
# Java VM: Java HotSpot(TM) 64-Bit Server VM (25.191-b12 mixed mode windows-amd64 compressed oops)
Heap:
 PSYoungGen      total 9728K, used 3342K [0x00000000f5b80000, 0x00000000f6600000, 0x0000000100000000)
  eden space 8704K, 26% used [0x00000000f5b80000,0x00000000f5dc5a80,0x00000000f6400000)
  from space 1024K, 99% used [0x00000000f6400000,0x00000000f64fddc8,0x00000000f6500000)
  to   space 1024K, 0% used [0x00000000f6500000,0x00000000f6500000,0x00000000f6600000)
 ParOldGen       total 22016K, used 9078K [0x00000000e1200000, 0x00000000e2780000, 0x00000000f5b80000)
  object space 22016K, 41% used [0x00000000e1200000,0x00000000e1addbf0,0x00000000e2780000)
 Metaspace       used 14198K, capacity 14436K, committed 14720K, reserved 1062912K
  class space    used 1826K, capacity 1906K, committed 1920K, reserved 1048576K
GC Heap History (6 events):
Event: 3.545 GC heap before
{Heap before GC invocations=1 (full 0):
 PSYoungGen      total 9728K, used 8704K [0x00000000f5b80000, 0x00000000f6600000, 0x0000000100000000)
  eden space 8704K, 100% used [0x00000000f5b80000,0x00000000f6400000,0x00000000f6400000)
  from space 1024K, 0% used [0x00000000f6500000,0x00000000f6500000,0x00000000f6600000)
  to   space 1024K, 0% used [0x00000000f6400000,0x00000000f6400000,0x00000000f6500000)
 ParOldGen       total 22016K, used 0K [0x00000000e1200000, 0x00000000e2780000, 0x00000000f5b80000)
  object space 22016K, 0% used [0x00000000e1200000,0x00000000e1200000,0x00000000e2780000)
 Metaspace       used 7824K, capacity 8074K, committed 8320K, reserved 1056768K
  class space    used 933K, capacity 1031K, committed 1152K, reserved 1048576K
Event: 3.553 GC heap after
Heap after GC invocations=1 (full 0):
 PSYoungGen      total 9728K, used 1002K [0x00000000f5b80000, 0x00000000f6600000, 0x0000000100000000)
  eden space 8704K, 0% used [0x00000000f5b80000,0x00000000f5b80000,0x00000000f6400000)
  from space 1024K, 97% used [0x00000000f6400000,0x00000000f64faa08,0x00000000f6500000)
  to   space 1024K, 0% used [0x00000000f6500000,0x00000000f6500000,0x00000000f6600000)
 ParOldGen       total 22016K, used 1134K [0x00000000e1200000, 0x00000000e2780000, 0x00000000f5b80000)
  object space 22016K, 5% used [0x00000000e1200000,0x00000000e131b900,0x00000000e2780000)
 Metaspace       used 7824K, capacity 8074K, committed 8320K, reserved 1056768K
  class space    used 933K, capacity 1031K, committed 1152K, reserved 1048576K
}
Event: 12.580 GC heap before
{Heap before GC invocations=2 (full 0):
 PSYoungGen      total 9728K, used 8544K [0x00000000f5b80000, 0x00000000f6600000, 0x0000000100000000)
  eden space 8704K, 86% used [0x00000000f5b80000,0x00000000f62dd6b8,0x00000000f6400000)
  from space 1024K, 97% used [0x00000000f6400000,0x00000000f64faa08,0x00000000f6500000)
  to   space 1024K, 0% used [0x00000000f6500000,0x00000000f6500000,0x00000000f6600000)
 ParOldGen       total 22016K, used 1134K [0x00000000e1200000, 0x00000000e2780000, 0x00000000f5b80000)
  object space 22016K, 5% used [0x00000000e1200000,0x00000000e131b900,0x00000000e2780000)
 Metaspace       used 13700K, capacity 13888K, committed 14208K, reserved 1060864K
  class space    used 1798K, capacity 1874K, committed 1920K, reserved 1048576K
Event: 12.610 GC heap after
Heap after GC invocations=2 (full 0):
 PSYoungGen      total 9728K, used 1015K [0x00000000f5b80000, 0x00000000f6600000, 0x0000000100000000)
  eden space 8704K, 0% used [0x00000000f5b80000,0x00000000f5b80000,0x00000000f6400000)
  from space 1024K, 99% used [0x00000000f6500000,0x00000000f65fddc8,0x00000000f6600000)
  to   space 1024K, 0% used [0x00000000f6400000,0x00000000f6400000,0x00000000f6500000)
 ParOldGen       total 22016K, used 4137K [0x00000000e1200000, 0x00000000e2780000, 0x00000000f5b80000)
  object space 22016K, 18% used [0x00000000e1200000,0x00000000e160a600,0x00000000e2780000)
 Metaspace       used 13700K, capacity 13888K, committed 14208K, reserved 1060864K
  class space    used 1798K, capacity 1874K, committed 1920K, reserved 1048576K
}
Event: 67.019 GC heap before
{Heap before GC invocations=3 (full 0):
 PSYoungGen      total 9728K, used 8888K [0x00000000f5b80000, 0x00000000f6600000, 0x0000000100000000)
  eden space 8704K, 90% used [0x00000000f5b80000,0x00000000f6330340,0x00000000f6400000)
  from space 1024K, 99% used [0x00000000f6500000,0x00000000f65fddc8,0x00000000f6600000)
  to   space 1024K, 0% used [0x00000000f6400000,0x00000000f6400000,0x00000000f6500000)
 ParOldGen       total 22016K, used 4137K [0x00000000e1200000, 0x00000000e2780000, 0x00000000f5b80000)
  object space 22016K, 18% used [0x00000000e1200000,0x00000000e160a600,0x00000000e2780000)
 Metaspace       used 14119K, capacity 14372K, committed 14464K, reserved 1062912K
  class space    used 1826K, capacity 1906K, committed 1920K, reserved 1048576K
Event: 67.031 GC heap after
Heap after GC invocations=3 (full 0):
 PSYoungGen      total 9728K, used 1015K [0x00000000f5b80000, 0x00000000f6600000, 0x0000000100000000)
  eden space 8704K, 0% used [0x00000000f5b80000,0x00000000f5b80000,0x00000000f6400000)
  from space 1024K, 99% used [0x00000000f6400000,0x00000000f64fddc8,0x00000000f6500000)
  to   space 1024K, 0% used [0x00000000f6500000,0x00000000f6500000,0x00000000f6600000)
 ParOldGen       total 22016K, used 9078K [0x00000000e1200000, 0x00000000e2780000, 0x00000000f5b80000)
  object space 22016K, 41% used [0x00000000e1200000,0x00000000e1addbf0,0x00000000e2780000)
 Metaspace       used 14119K, capacity 14372K, committed 14464K, reserved 1062912K
  class space    used 1826K, capacity 1906K, committed 1920K, reserved 1048576K
}

